2024-12-27 18:03:20,447 [main] INFO  l.j.t.insurance.InsuranceApplication - Starting InsuranceApplication using Java 21.0.5 with PID 9452 (D:\Leva\Program\repos\My_Portfolio\Insurance_Calculator\student_snezhko_leu_version_2\build\classes\java\main started by User in D:\Leva\Program\repos\My_Portfolio\Insurance_Calculator\student_snezhko_leu_version_2)
2024-12-27 18:03:20,447 [main] INFO  l.j.t.insurance.InsuranceApplication - No active profile set, falling back to 1 default profile: "default"
2024-12-27 18:03:21,316 [main] INFO  o.s.d.r.c.RepositoryConfigurationDelegate - Bootstrapping Spring Data JPA repositories in DEFAULT mode.
2024-12-27 18:03:21,470 [main] INFO  o.s.d.r.c.RepositoryConfigurationDelegate - Finished Spring Data repository scanning in 137 ms. Found 16 JPA repository interfaces.
2024-12-27 18:03:22,170 [main] INFO  o.s.b.w.e.tomcat.TomcatWebServer - Tomcat initialized with port 8080 (http)
2024-12-27 18:03:22,170 [main] INFO  o.a.coyote.http11.Http11NioProtocol - Initializing ProtocolHandler ["http-nio-8080"]
2024-12-27 18:03:22,170 [main] INFO  o.a.catalina.core.StandardService - Starting service [Tomcat]
2024-12-27 18:03:22,170 [main] INFO  o.a.catalina.core.StandardEngine - Starting Servlet engine: [Apache Tomcat/10.1.16]
2024-12-27 18:03:22,233 [main] INFO  o.a.c.c.C.[Tomcat].[localhost].[/] - Initializing Spring embedded WebApplicationContext
2024-12-27 18:03:22,233 [main] INFO  o.s.b.w.s.c.ServletWebServerApplicationContext - Root WebApplicationContext: initialization completed in 1745 ms
2024-12-27 18:03:22,270 [main] INFO  com.zaxxer.hikari.HikariDataSource - HikariPool-1 - Starting...
2024-12-27 18:03:22,617 [main] INFO  com.zaxxer.hikari.pool.HikariPool - HikariPool-1 - Added connection com.mysql.cj.jdbc.ConnectionImpl@4ed18798
2024-12-27 18:03:22,617 [main] INFO  com.zaxxer.hikari.HikariDataSource - HikariPool-1 - Start completed.
2024-12-27 18:03:22,617 [main] INFO  o.s.b.a.h.H2ConsoleAutoConfiguration - H2 console available at '/h2-console'. Database available at 'jdbc:mysql://localhost:3306/java-real-practice-insurance?serverTimezone=Europe/Minsk'
2024-12-27 18:03:23,767 [main] INFO  liquibase.changelog - Reading from `java-real-practice-insurance`.databasechangelog
2024-12-27 18:03:23,874 [main] INFO  liquibase.changelog - Reading from `java-real-practice-insurance`.databasechangelog
2024-12-27 18:03:23,890 [main] INFO  liquibase.util - UPDATE SUMMARY
2024-12-27 18:03:23,890 [main] INFO  liquibase.util - Run:                          0
2024-12-27 18:03:23,890 [main] INFO  liquibase.util - Previously run:              44
2024-12-27 18:03:23,890 [main] INFO  liquibase.util - Filtered out:                 0
2024-12-27 18:03:23,890 [main] INFO  liquibase.util - -------------------------------
2024-12-27 18:03:23,890 [main] INFO  liquibase.util - Total change sets:           44
2024-12-27 18:03:23,890 [main] INFO  liquibase.util - Update summary generated
2024-12-27 18:03:23,905 [main] INFO  liquibase.lockservice - Successfully released change log lock
2024-12-27 18:03:23,905 [main] INFO  liquibase.command - Command execution complete
2024-12-27 18:03:23,989 [main] INFO  o.h.jpa.internal.util.LogHelper - HHH000204: Processing PersistenceUnitInfo [name: default]
2024-12-27 18:03:24,074 [main] INFO  org.hibernate.Version - HHH000412: Hibernate ORM core version 6.3.1.Final
2024-12-27 18:03:24,152 [main] INFO  o.h.c.i.RegionFactoryInitiator - HHH000026: Second-level cache disabled
2024-12-27 18:03:24,421 [main] INFO  o.s.o.j.p.SpringPersistenceUnitInfo - No LoadTimeWeaver setup: ignoring JPA class transformer
2024-12-27 18:03:24,474 [main] WARN  org.hibernate.orm.deprecation - HHH90000025: MySQL8Dialect does not need to be specified explicitly using 'hibernate.dialect' (remove the property setting and it will be selected by default)
2024-12-27 18:03:24,474 [main] WARN  org.hibernate.orm.deprecation - HHH90000026: MySQL8Dialect has been deprecated; use org.hibernate.dialect.MySQLDialect instead
2024-12-27 18:03:25,323 [main] INFO  o.h.e.t.j.p.i.JtaPlatformInitiator - HHH000489: No JTA platform available (set 'hibernate.transaction.jta.platform' to enable JTA platform integration)
2024-12-27 18:03:25,354 [main] INFO  o.s.o.j.LocalContainerEntityManagerFactoryBean - Initialized JPA EntityManagerFactory for persistence unit 'default'
2024-12-27 18:03:25,616 [main] INFO  o.s.d.j.r.query.QueryEnhancerFactory - Hibernate is in classpath; If applicable, HQL parser will be used.
2024-12-27 18:03:26,254 [main] INFO  o.s.b.f.a.AutowiredAnnotationBeanPostProcessor - Autowired annotation is not supported on static fields: private static lv.javaguru.travel.insurance.core.validations.ValidationErrorFactory lv.javaguru.travel.insurance.core.validations.calculate.person.PersonMedicalStatusErrorGenerator.errorFactory
2024-12-27 18:03:26,294 [main] WARN  o.s.b.a.o.j.JpaBaseConfiguration$JpaWebConfiguration - spring.jpa.open-in-view is enabled by default. Therefore, database queries may be performed during view rendering. Explicitly configure spring.jpa.open-in-view to disable this warning
2024-12-27 18:03:26,658 [main] INFO  o.a.coyote.http11.Http11NioProtocol - Starting ProtocolHandler ["http-nio-8080"]
2024-12-27 18:03:26,680 [main] INFO  o.s.b.w.e.tomcat.TomcatWebServer - Tomcat started on port 8080 (http) with context path ''
2024-12-27 18:03:26,680 [main] INFO  l.j.t.insurance.InsuranceApplication - Started InsuranceApplication in 6.628 seconds (process running for 7.216)
2024-12-27 18:41:48,429 [main] INFO  l.j.t.insurance.InsuranceApplication - Starting InsuranceApplication using Java 21.0.5 with PID 2356 (D:\Leva\Program\repos\My_Portfolio\Insurance_Calculator\student_snezhko_leu_version_2\build\classes\java\main started by User in D:\Leva\Program\repos\My_Portfolio\Insurance_Calculator\student_snezhko_leu_version_2)
2024-12-27 18:41:48,429 [main] INFO  l.j.t.insurance.InsuranceApplication - No active profile set, falling back to 1 default profile: "default"
2024-12-27 18:41:50,855 [main] INFO  o.s.d.r.c.RepositoryConfigurationDelegate - Bootstrapping Spring Data JPA repositories in DEFAULT mode.
2024-12-27 18:41:50,974 [main] INFO  o.s.d.r.c.RepositoryConfigurationDelegate - Finished Spring Data repository scanning in 108 ms. Found 16 JPA repository interfaces.
2024-12-27 18:41:51,546 [main] INFO  o.s.b.w.e.tomcat.TomcatWebServer - Tomcat initialized with port 8080 (http)
2024-12-27 18:41:51,548 [main] INFO  o.a.coyote.http11.Http11NioProtocol - Initializing ProtocolHandler ["http-nio-8080"]
2024-12-27 18:41:51,548 [main] INFO  o.a.catalina.core.StandardService - Starting service [Tomcat]
2024-12-27 18:41:51,548 [main] INFO  o.a.catalina.core.StandardEngine - Starting Servlet engine: [Apache Tomcat/10.1.16]
2024-12-27 18:41:51,605 [main] INFO  o.a.c.c.C.[Tomcat].[localhost].[/] - Initializing Spring embedded WebApplicationContext
2024-12-27 18:41:51,605 [main] INFO  o.s.b.w.s.c.ServletWebServerApplicationContext - Root WebApplicationContext: initialization completed in 3010 ms
2024-12-27 18:41:51,646 [main] INFO  com.zaxxer.hikari.HikariDataSource - HikariPool-1 - Starting...
2024-12-27 18:41:51,915 [main] INFO  com.zaxxer.hikari.pool.HikariPool - HikariPool-1 - Added connection com.mysql.cj.jdbc.ConnectionImpl@4b03cbad
2024-12-27 18:41:51,915 [main] INFO  com.zaxxer.hikari.HikariDataSource - HikariPool-1 - Start completed.
2024-12-27 18:41:51,930 [main] INFO  o.s.b.a.h.H2ConsoleAutoConfiguration - H2 console available at '/h2-console'. Database available at 'jdbc:mysql://localhost:3306/java-real-practice-insurance?serverTimezone=Europe/Minsk'
2024-12-27 18:41:52,930 [main] INFO  liquibase.changelog - Reading from `java-real-practice-insurance`.databasechangelog
2024-12-27 18:41:53,031 [main] INFO  liquibase.changelog - Reading from `java-real-practice-insurance`.databasechangelog
2024-12-27 18:41:53,047 [main] INFO  liquibase.util - UPDATE SUMMARY
2024-12-27 18:41:53,047 [main] INFO  liquibase.util - Run:                          0
2024-12-27 18:41:53,047 [main] INFO  liquibase.util - Previously run:              44
2024-12-27 18:41:53,047 [main] INFO  liquibase.util - Filtered out:                 0
2024-12-27 18:41:53,047 [main] INFO  liquibase.util - -------------------------------
2024-12-27 18:41:53,047 [main] INFO  liquibase.util - Total change sets:           44
2024-12-27 18:41:53,047 [main] INFO  liquibase.util - Update summary generated
2024-12-27 18:41:53,062 [main] INFO  liquibase.lockservice - Successfully released change log lock
2024-12-27 18:41:53,062 [main] INFO  liquibase.command - Command execution complete
2024-12-27 18:41:53,146 [main] INFO  o.h.jpa.internal.util.LogHelper - HHH000204: Processing PersistenceUnitInfo [name: default]
2024-12-27 18:41:53,199 [main] INFO  org.hibernate.Version - HHH000412: Hibernate ORM core version 6.3.1.Final
2024-12-27 18:41:53,227 [main] INFO  o.h.c.i.RegionFactoryInitiator - HHH000026: Second-level cache disabled
2024-12-27 18:41:53,431 [main] INFO  o.s.o.j.p.SpringPersistenceUnitInfo - No LoadTimeWeaver setup: ignoring JPA class transformer
2024-12-27 18:41:53,478 [main] WARN  org.hibernate.orm.deprecation - HHH90000025: MySQL8Dialect does not need to be specified explicitly using 'hibernate.dialect' (remove the property setting and it will be selected by default)
2024-12-27 18:41:53,493 [main] WARN  org.hibernate.orm.deprecation - HHH90000026: MySQL8Dialect has been deprecated; use org.hibernate.dialect.MySQLDialect instead
2024-12-27 18:41:54,802 [main] INFO  o.h.e.t.j.p.i.JtaPlatformInitiator - HHH000489: No JTA platform available (set 'hibernate.transaction.jta.platform' to enable JTA platform integration)
2024-12-27 18:41:54,834 [main] INFO  o.s.o.j.LocalContainerEntityManagerFactoryBean - Initialized JPA EntityManagerFactory for persistence unit 'default'
2024-12-27 18:41:55,234 [main] INFO  o.s.d.j.r.query.QueryEnhancerFactory - Hibernate is in classpath; If applicable, HQL parser will be used.
2024-12-27 18:41:56,507 [main] INFO  o.s.b.f.a.AutowiredAnnotationBeanPostProcessor - Autowired annotation is not supported on static fields: private static lv.javaguru.travel.insurance.core.validations.ValidationErrorFactory lv.javaguru.travel.insurance.core.validations.calculate.person.PersonMedicalStatusErrorGenerator.errorFactory
2024-12-27 18:41:56,604 [main] WARN  o.s.b.a.o.j.JpaBaseConfiguration$JpaWebConfiguration - spring.jpa.open-in-view is enabled by default. Therefore, database queries may be performed during view rendering. Explicitly configure spring.jpa.open-in-view to disable this warning
2024-12-27 18:41:57,264 [main] INFO  o.a.coyote.http11.Http11NioProtocol - Starting ProtocolHandler ["http-nio-8080"]
2024-12-27 18:41:57,297 [main] INFO  o.s.b.w.e.tomcat.TomcatWebServer - Tomcat started on port 8080 (http) with context path ''
2024-12-27 18:41:57,316 [main] INFO  l.j.t.insurance.InsuranceApplication - Started InsuranceApplication in 9.916 seconds (process running for 11.766)
